<?xml version="1.0" encoding="UTF-8"?>
<!-- Generated by org.testng.reporters.JUnitXMLReporter -->
<testsuite ignored="0" hostname="DESKTOP-GTQ7H2I" failures="0" tests="4" name="Default test" time="5.206" errors="0" timestamp="2022-02-24T23:03:51 SGT">
  <testcase classname="com.sddevops.EcommerceClothesProject.NewTest" name="checkRegister" time="1.822"/>
  <testcase classname="com.sddevops.EcommerceClothesProject.NewTest" name="checkLogin" time="1.106"/>
  <testcase classname="com.sddevops.EcommerceClothesProject.NewTest" name="checkUpdate" time="0.667"/>
  <testcase classname="com.sddevops.EcommerceClothesProject.NewTest" name="checkDelete" time="0.108"/>
</testsuite> <!-- Default test -->
