<?xml version="1.0" encoding="UTF-8"?>
<testng-results ignored="0" total="1" passed="1" failed="0" skipped="0">
  <reporter-output>
  </reporter-output>
  <suite started-at="2022-02-27T16:08:26 SGT" name="Default suite" finished-at="2022-02-27T16:08:28 SGT" duration-ms="2569">
    <groups>
    </groups>
    <test started-at="2022-02-27T16:08:26 SGT" name="Default test" finished-at="2022-02-27T16:08:28 SGT" duration-ms="2569">
      <class name="com.sddevops.EcommerceClothesProject.CreateOrderTest">
        <test-method is-config="true" signature="beforeTest()[pri:0, instance:com.sddevops.EcommerceClothesProject.CreateOrderTest@6a6afff2]" started-at="2022-02-27T16:08:26 SGT" name="beforeTest" finished-at="2022-02-27T16:08:27 SGT" duration-ms="1019" status="PASS">
          <reporter-output>
          </reporter-output>
        </test-method> <!-- beforeTest -->
        <test-method signature="checkInput()[pri:0, instance:com.sddevops.EcommerceClothesProject.CreateOrderTest@6a6afff2]" started-at="2022-02-27T16:08:27 SGT" name="checkInput" finished-at="2022-02-27T16:08:28 SGT" duration-ms="1413" status="PASS">
          <reporter-output>
          </reporter-output>
        </test-method> <!-- checkInput -->
        <test-method is-config="true" signature="afterTest()[pri:0, instance:com.sddevops.EcommerceClothesProject.CreateOrderTest@6a6afff2]" started-at="2022-02-27T16:08:28 SGT" name="afterTest" finished-at="2022-02-27T16:08:28 SGT" duration-ms="113" status="PASS">
          <reporter-output>
          </reporter-output>
        </test-method> <!-- afterTest -->
      </class> <!-- com.sddevops.EcommerceClothesProject.CreateOrderTest -->
    </test> <!-- Default test -->
  </suite> <!-- Default suite -->
</testng-results>
