<?xml version="1.0" encoding="UTF-8"?>
<testng-results ignored="0" total="1" passed="1" failed="0" skipped="0">
  <reporter-output>
  </reporter-output>
  <suite started-at="2022-02-26T00:17:04 SGT" name="Default suite" finished-at="2022-02-26T00:17:07 SGT" duration-ms="3065">
    <groups>
    </groups>
    <test started-at="2022-02-26T00:17:04 SGT" name="Default test" finished-at="2022-02-26T00:17:07 SGT" duration-ms="3065">
      <class name="com.sddevops.EcommerceClothesProject.UpdateProductTest">
        <test-method is-config="true" signature="beforeTest()[pri:0, instance:com.sddevops.EcommerceClothesProject.UpdateProductTest@6a6afff2]" started-at="2022-02-26T00:17:04 SGT" name="beforeTest" finished-at="2022-02-26T00:17:05 SGT" duration-ms="1083" status="PASS">
          <reporter-output>
          </reporter-output>
        </test-method> <!-- beforeTest -->
        <test-method signature="checkInput()[pri:0, instance:com.sddevops.EcommerceClothesProject.UpdateProductTest@6a6afff2]" started-at="2022-02-26T00:17:05 SGT" name="checkInput" finished-at="2022-02-26T00:17:07 SGT" duration-ms="1873" status="PASS">
          <reporter-output>
          </reporter-output>
        </test-method> <!-- checkInput -->
        <test-method is-config="true" signature="afterTest()[pri:0, instance:com.sddevops.EcommerceClothesProject.UpdateProductTest@6a6afff2]" started-at="2022-02-26T00:17:07 SGT" name="afterTest" finished-at="2022-02-26T00:17:07 SGT" duration-ms="86" status="PASS">
          <reporter-output>
          </reporter-output>
        </test-method> <!-- afterTest -->
      </class> <!-- com.sddevops.EcommerceClothesProject.UpdateProductTest -->
    </test> <!-- Default test -->
  </suite> <!-- Default suite -->
</testng-results>
